Arguments: 
  C:\Program Files\nodejs\node.exe C:\Users\Przemek Sokołowski\AppData\Roaming\npm\node_modules\yarn\bin\yarn.js --force

PATH: 
  C:\Python310\Scripts\;C:\Python310\;C:\WINDOWS\system32;C:\WINDOWS;C:\WINDOWS\System32\Wbem;C:\WINDOWS\System32\WindowsPowerShell\v1.0\;C:\WINDOWS\System32\OpenSSH\;C:\Program Files\nodejs\;C:\ProgramData\chocolatey\bin;C:\Program Files\Git\cmd;C:\Program Files\Microsoft SQL Server\150\Tools\Binn\;C:\Program Files\Microsoft SQL Server\Client SDK\ODBC\170\Tools\Binn\;C:\Program Files\dotnet\;C:\Program Files (x86)\Microsoft SQL Server\150\DTS\Binn\;C:\Program Files\Azure Data Studio\bin;C:\Program Files (x86)\Microsoft SQL Server\150\Tools\Binn\;C:\Program Files\Microsoft SQL Server\150\DTS\Binn\;C:\Program Files (x86)\dotnet\;%SystemRoot%\system32;%SystemRoot%;%SystemRoot%\System32\Wbem;%SYSTEMROOT%\System32\WindowsPowerShell\v1.0\;%SYSTEMROOT%\System32\OpenSSH\;C:\Users\Przemek Sokołowski\AppData\Local\Microsoft\WindowsApps;;D:\Microsoft VS Code\bin;C:\Users\Przemek Sokołowski\AppData\Roaming\npm;C:\Users\Przemek Sokołowski\.dotnet\tools;C:\Program Files\Azure Data Studio\bin

Yarn version: 
  1.22.17

Node version: 
  16.14.0

Platform: 
  win32 x64

Trace: 
  Error: UNKNOWN: unknown error, scandir 'C:\Users\Przemek Sokołowski\OneDrive - Synergia Pro Sp. z o.o\Pulpit\Nowy folder\angular-poc\node_modules\copy-anything\dist'

npm manifest: 
  {
    "name": "qgnioqqrg.github",
    "version": "0.0.0",
    "private": true,
    "scripts": {
      "ng": "ng",
      "start": "ng serve",
      "build": "ng build",
      "test": "ng test",
      "lint": "ng lint",
      "e2e": "ng e2e"
    },
    "dependencies": {
      "@angular/animations": "15.1.2",
      "@angular/common": "15.1.2",
      "@angular/compiler": "15.1.2",
      "@angular/core": "15.1.2",
      "@angular/forms": "15.1.2",
      "@angular/platform-browser": "15.1.2",
      "@angular/platform-browser-dynamic": "15.1.2",
      "@angular/router": "15.1.2",
      "@popperjs/core": "2.11.6",
      "bootstrap": "5.2.3",
      "rxjs": "7.8.0",
      "tslib": "2.5.0",
      "zone.js": "0.12.0"
    },
    "devDependencies": {
      "@angular-devkit/build-angular": "15.1.0-next.2",
      "@angular/cli": "15.1.0-next.2",
      "@angular/compiler-cli": "15.1.0-next.2",
      "@types/jasmine": "~4.0.0",
      "jasmine-core": "~4.1.0",
      "karma": "~6.3.0",
      "karma-chrome-launcher": "~3.1.0",
      "karma-coverage": "~2.2.0",
      "karma-jasmine": "~5.0.0",
      "karma-jasmine-html-reporter": "~1.7.0",
      "typescript": "~4.7.2"
    }
  }

yarn manifest: 
  No manifest

Lockfile: 
  No lockfile
